<?xml version="1.0" encoding="UTF-8"?>
<!-- Generated by org.testng.reporters.JUnitReportReporter -->
<testsuite hostname="LAPTOP-G86I0Q3V" failures="0" tests="1" name="scripting.Testcase1" time="9.240" errors="0" timestamp="2022-11-07T12:58:56 IST" skipped="0">
  <testcase classname="scripting.Testcase1" name="tc1" time="9.240"/>
  <system-out/>
</testsuite> <!-- scripting.Testcase1 -->
