<?xml version="1.0" encoding="UTF-8"?>
<!-- Generated by org.testng.reporters.JUnitReportReporter -->
<testsuite hostname="LAPTOP-G86I0Q3V" failures="0" tests="1" name="scripting.Testcase3" time="22.769" errors="0" timestamp="2022-11-07T12:58:56 IST" skipped="0">
  <testcase classname="scripting.Testcase3" name="tc3" time="22.769"/>
  <system-out/>
</testsuite> <!-- scripting.Testcase3 -->
